------------------------------------------------------------------------------------------------------------------------

[2012-10-09 16:08:54 #1 store] 
Database '/home/burnsidz/SeniorProject/CollaborationJava7/library/db/points.odb' is opened by 8431@eos23.cis.gvsu.edu

[2012-10-09 16:08:55 #2 type] 
Type collaboration.User is not enhanced.

[2012-10-09 16:08:55 #3 type] 
Type collaboration.Task is not enhanced.

[2012-10-09 16:08:55 #4 type] 
Type collaboration.Team is not enhanced.

[2012-10-09 16:08:55 #5 type] 
Type collaboration.UserStory is not enhanced.

[2012-10-09 16:08:55 #6 type] 
Type collaboration.Password is not enhanced.

------------------------------------------------------------------------------------------------------------------------

[2012-10-09 16:18:17 #1 store] 
Database '/home/burnsidz/SeniorProject/CollaborationJava7/library/db/points.odb' has been recovered (tr. 1-5)

[2012-10-09 16:18:17 #2 store] 
Database '/home/burnsidz/SeniorProject/CollaborationJava7/library/db/points.odb' is opened by 8479@eos23.cis.gvsu.edu

[2012-10-09 16:18:17 #3 type] 
Type collaboration.User is not enhanced.

[2012-10-09 16:18:17 #4 type] 
Type collaboration.Task is not enhanced.

[2012-10-09 16:18:17 #5 type] 
Type collaboration.Team is not enhanced.

[2012-10-09 16:18:17 #6 type] 
Type collaboration.UserStory is not enhanced.

[2012-10-09 16:18:17 #7 type] 
Type collaboration.Password is not enhanced.

[2012-10-09 16:18:17 #8 store] 
Database '/home/burnsidz/SeniorProject/CollaborationJava7/library/db/points.odb' is closed by 8479@eos23.cis.gvsu.edu

------------------------------------------------------------------------------------------------------------------------

[2012-10-09 16:19:32 #1 store] 
Database '/home/burnsidz/SeniorProject/CollaborationJava7/library/db/points.odb' is opened by 8511@eos23.cis.gvsu.edu

[2012-10-09 16:19:32 #2 type] 
Type collaboration.User is not enhanced.

[2012-10-09 16:19:32 #3 type] 
Type collaboration.Task is not enhanced.

[2012-10-09 16:19:32 #4 type] 
Type collaboration.Team is not enhanced.

[2012-10-09 16:19:32 #5 type] 
Type collaboration.UserStory is not enhanced.

[2012-10-09 16:19:32 #6 type] 
Type collaboration.Password is not enhanced.

[2012-10-09 16:19:33 #7 store] 
Database '/home/burnsidz/SeniorProject/CollaborationJava7/library/db/points.odb' is closed by 8511@eos23.cis.gvsu.edu

------------------------------------------------------------------------------------------------------------------------

[2012-10-09 16:19:59 #1 store] 
Database '/home/burnsidz/SeniorProject/CollaborationJava7/library/db/points.odb' is opened by 8545@eos23.cis.gvsu.edu

[2012-10-09 16:19:59 #2 type] 
Type collaboration.User is not enhanced.

[2012-10-09 16:19:59 #3 type] 
Type collaboration.Task is not enhanced.

[2012-10-09 16:19:59 #4 type] 
Type collaboration.Team is not enhanced.

[2012-10-09 16:19:59 #5 type] 
Type collaboration.UserStory is not enhanced.

[2012-10-09 16:19:59 #6 type] 
Type collaboration.Password is not enhanced.

[2012-10-09 16:19:59 #7 store] 
Database '/home/burnsidz/SeniorProject/CollaborationJava7/library/db/points.odb' is closed by 8545@eos23.cis.gvsu.edu

------------------------------------------------------------------------------------------------------------------------

[2012-10-09 16:20:18 #1 store] 
Database '/home/burnsidz/SeniorProject/CollaborationJava7/library/db/points.odb' is opened by 8576@eos23.cis.gvsu.edu

[2012-10-09 16:20:18 #2 type] 
Type collaboration.User is not enhanced.

[2012-10-09 16:20:18 #3 type] 
Type collaboration.Task is not enhanced.

[2012-10-09 16:20:18 #4 type] 
Type collaboration.Team is not enhanced.

[2012-10-09 16:20:18 #5 type] 
Type collaboration.UserStory is not enhanced.

[2012-10-09 16:20:18 #6 type] 
Type collaboration.Password is not enhanced.

[2012-10-09 16:20:19 #7 store] 
Database '/home/burnsidz/SeniorProject/CollaborationJava7/library/db/points.odb' is closed by 8576@eos23.cis.gvsu.edu

------------------------------------------------------------------------------------------------------------------------

[2012-10-09 16:20:49 #1 store] 
Database '/home/burnsidz/SeniorProject/CollaborationJava7/library/db/points.odb' is opened by 8607@eos23.cis.gvsu.edu

[2012-10-09 16:20:50 #2 type] 
Type collaboration.User is not enhanced.

[2012-10-09 16:20:50 #3 type] 
Type collaboration.Task is not enhanced.

[2012-10-09 16:20:50 #4 type] 
Type collaboration.Team is not enhanced.

[2012-10-09 16:20:50 #5 type] 
Type collaboration.UserStory is not enhanced.

[2012-10-09 16:20:50 #6 type] 
Type collaboration.Password is not enhanced.

[2012-10-09 16:20:50 #7 store] 
Database '/home/burnsidz/SeniorProject/CollaborationJava7/library/db/points.odb' is closed by 8607@eos23.cis.gvsu.edu

------------------------------------------------------------------------------------------------------------------------

[2012-10-09 16:22:22 #1 store] 
Database '/home/burnsidz/SeniorProject/CollaborationJava7/library/db/points.odb' is opened by 8641@eos23.cis.gvsu.edu

[2012-10-09 16:22:22 #2 type] 
Type collaboration.User is not enhanced.

[2012-10-09 16:22:22 #3 type] 
Type collaboration.Task is not enhanced.

[2012-10-09 16:22:22 #4 type] 
Type collaboration.Team is not enhanced.

[2012-10-09 16:22:22 #5 type] 
Type collaboration.UserStory is not enhanced.

[2012-10-09 16:22:22 #6 type] 
Type collaboration.Password is not enhanced.

------------------------------------------------------------------------------------------------------------------------

[2012-10-09 16:22:47 #1 store] 
Database '/home/burnsidz/SeniorProject/CollaborationJava7/library/db/points.odb' is opened by 8673@eos23.cis.gvsu.edu

[2012-10-09 16:22:47 #2 type] 
Type collaboration.User is not enhanced.

[2012-10-09 16:22:47 #3 type] 
Type collaboration.Task is not enhanced.

[2012-10-09 16:22:47 #4 type] 
Type collaboration.Team is not enhanced.

[2012-10-09 16:22:47 #5 type] 
Type collaboration.UserStory is not enhanced.

[2012-10-09 16:22:47 #6 type] 
Type collaboration.Password is not enhanced.

------------------------------------------------------------------------------------------------------------------------

[2012-10-09 16:26:36 #1 store] 
Database '/home/burnsidz/SeniorProject/CollaborationJava7/library/db/points.odb' is opened by 8717@eos23.cis.gvsu.edu

[2012-10-09 16:26:36 #2 type] 
Type collaboration.User is not enhanced.

[2012-10-09 16:26:36 #3 type] 
Type collaboration.Task is not enhanced.

[2012-10-09 16:26:36 #4 type] 
Type collaboration.Team is not enhanced.

[2012-10-09 16:26:36 #5 type] 
Type collaboration.UserStory is not enhanced.

[2012-10-09 16:26:36 #6 type] 
Type collaboration.Password is not enhanced.

------------------------------------------------------------------------------------------------------------------------

[2012-10-09 16:26:55 #1 store] 
Database '/home/burnsidz/SeniorProject/CollaborationJava7/library/db/points.odb' is opened by 8750@eos23.cis.gvsu.edu

[2012-10-09 16:26:56 #2 type] 
Type collaboration.User is not enhanced.

[2012-10-09 16:26:56 #3 type] 
Type collaboration.Task is not enhanced.

[2012-10-09 16:26:56 #4 type] 
Type collaboration.Team is not enhanced.

[2012-10-09 16:26:56 #5 type] 
Type collaboration.UserStory is not enhanced.

[2012-10-09 16:26:56 #6 type] 
Type collaboration.Password is not enhanced.

[2012-10-09 16:26:56 #7 store] 
Database '/home/burnsidz/SeniorProject/CollaborationJava7/library/db/points.odb' is closed by 8750@eos23.cis.gvsu.edu

------------------------------------------------------------------------------------------------------------------------

[2012-10-09 16:27:20 #1 store] 
Database '/home/burnsidz/SeniorProject/CollaborationJava7/library/db/points.odb' is opened by 8782@eos23.cis.gvsu.edu

[2012-10-09 16:27:20 #2 type] 
Type collaboration.User is not enhanced.

[2012-10-09 16:27:20 #3 type] 
Type collaboration.Task is not enhanced.

[2012-10-09 16:27:20 #4 type] 
Type collaboration.Team is not enhanced.

[2012-10-09 16:27:20 #5 type] 
Type collaboration.UserStory is not enhanced.

[2012-10-09 16:27:20 #6 type] 
Type collaboration.Password is not enhanced.

[2012-10-09 16:27:20 #7 store] 
Database '/home/burnsidz/SeniorProject/CollaborationJava7/library/db/points.odb' is closed by 8782@eos23.cis.gvsu.edu

------------------------------------------------------------------------------------------------------------------------

[2012-10-09 16:27:49 #1 store] 
Database '/home/burnsidz/SeniorProject/CollaborationJava7/library/db/points.odb' is opened by 8814@eos23.cis.gvsu.edu

[2012-10-09 16:27:49 #2 type] 
Type collaboration.User is not enhanced.

[2012-10-09 16:27:49 #3 type] 
Type collaboration.Task is not enhanced.

[2012-10-09 16:27:49 #4 type] 
Type collaboration.Team is not enhanced.

[2012-10-09 16:27:49 #5 type] 
Type collaboration.UserStory is not enhanced.

[2012-10-09 16:27:49 #6 type] 
Type collaboration.Password is not enhanced.

[2012-10-09 16:27:49 #7 store] 
Database '/home/burnsidz/SeniorProject/CollaborationJava7/library/db/points.odb' is closed by 8814@eos23.cis.gvsu.edu

------------------------------------------------------------------------------------------------------------------------

[2012-10-09 16:28:14 #1 store] 
Database '/home/burnsidz/SeniorProject/CollaborationJava7/library/db/points.odb' is opened by 8846@eos23.cis.gvsu.edu

[2012-10-09 16:28:14 #2 type] 
Type collaboration.User is not enhanced.

[2012-10-09 16:28:14 #3 type] 
Type collaboration.Task is not enhanced.

[2012-10-09 16:28:14 #4 type] 
Type collaboration.Team is not enhanced.

[2012-10-09 16:28:14 #5 type] 
Type collaboration.UserStory is not enhanced.

[2012-10-09 16:28:14 #6 type] 
Type collaboration.Password is not enhanced.

[2012-10-09 16:28:15 #7 store] 
Database '/home/burnsidz/SeniorProject/CollaborationJava7/library/db/points.odb' is closed by 8846@eos23.cis.gvsu.edu

------------------------------------------------------------------------------------------------------------------------

[2012-10-09 16:28:32 #1 store] 
Database '/home/burnsidz/SeniorProject/CollaborationJava7/library/db/points.odb' is opened by 8878@eos23.cis.gvsu.edu

[2012-10-09 16:28:32 #2 type] 
Type collaboration.User is not enhanced.

[2012-10-09 16:28:32 #3 type] 
Type collaboration.Task is not enhanced.

[2012-10-09 16:28:32 #4 type] 
Type collaboration.Team is not enhanced.

[2012-10-09 16:28:32 #5 type] 
Type collaboration.UserStory is not enhanced.

[2012-10-09 16:28:32 #6 type] 
Type collaboration.Password is not enhanced.

[2012-10-09 16:28:33 #7 store] 
Database '/home/burnsidz/SeniorProject/CollaborationJava7/library/db/points.odb' is closed by 8878@eos23.cis.gvsu.edu

------------------------------------------------------------------------------------------------------------------------

[2012-10-09 16:28:51 #1 store] 
Database '/home/burnsidz/SeniorProject/CollaborationJava7/library/db/points.odb' is opened by 8910@eos23.cis.gvsu.edu

[2012-10-09 16:28:51 #2 type] 
Type collaboration.User is not enhanced.

[2012-10-09 16:28:51 #3 type] 
Type collaboration.Task is not enhanced.

[2012-10-09 16:28:51 #4 type] 
Type collaboration.Team is not enhanced.

[2012-10-09 16:28:51 #5 type] 
Type collaboration.UserStory is not enhanced.

[2012-10-09 16:28:51 #6 type] 
Type collaboration.Password is not enhanced.

[2012-10-09 16:28:52 #7 store] 
Database '/home/burnsidz/SeniorProject/CollaborationJava7/library/db/points.odb' is closed by 8910@eos23.cis.gvsu.edu

------------------------------------------------------------------------------------------------------------------------

[2012-10-09 16:29:04 #1 store] 
Database '/home/burnsidz/SeniorProject/CollaborationJava7/library/db/points.odb' is opened by 8942@eos23.cis.gvsu.edu

[2012-10-09 16:29:04 #2 type] 
Type collaboration.User is not enhanced.

[2012-10-09 16:29:04 #3 type] 
Type collaboration.Task is not enhanced.

[2012-10-09 16:29:04 #4 type] 
Type collaboration.Team is not enhanced.

[2012-10-09 16:29:04 #5 type] 
Type collaboration.UserStory is not enhanced.

[2012-10-09 16:29:04 #6 type] 
Type collaboration.Password is not enhanced.

[2012-10-09 16:29:05 #7 store] 
Database '/home/burnsidz/SeniorProject/CollaborationJava7/library/db/points.odb' is closed by 8942@eos23.cis.gvsu.edu

------------------------------------------------------------------------------------------------------------------------

[2012-10-09 16:31:32 #1 store] 
Database '/home/burnsidz/SeniorProject/CollaborationJava7/library/db/points.odb' is opened by 8977@eos23.cis.gvsu.edu

[2012-10-09 16:31:32 #2 type] 
Type collaboration.User is not enhanced.

[2012-10-09 16:31:32 #3 type] 
Type collaboration.Task is not enhanced.

[2012-10-09 16:31:32 #4 type] 
Type collaboration.Team is not enhanced.

[2012-10-09 16:31:32 #5 type] 
Type collaboration.UserStory is not enhanced.

[2012-10-09 16:31:32 #6 type] 
Type collaboration.Password is not enhanced.

[2012-10-09 16:31:33 #7 store] 
Database '/home/burnsidz/SeniorProject/CollaborationJava7/library/db/points.odb' is closed by 8977@eos23.cis.gvsu.edu

------------------------------------------------------------------------------------------------------------------------

[2012-10-09 16:36:03 #1 store] 
Database '/home/burnsidz/SeniorProject/CollaborationJava7/library/db/points.odb' is opened by 9020@eos23.cis.gvsu.edu

[2012-10-09 16:36:03 #2 type] 
Type collaboration.User is not enhanced.

[2012-10-09 16:36:03 #3 type] 
Type collaboration.Task is not enhanced.

[2012-10-09 16:36:03 #4 type] 
Type collaboration.Team is not enhanced.

[2012-10-09 16:36:03 #5 type] 
Type collaboration.UserStory is not enhanced.

[2012-10-09 16:36:03 #6 type] 
Type collaboration.Password is not enhanced.

------------------------------------------------------------------------------------------------------------------------

[2012-10-09 16:40:21 #1 store] 
Database '/home/burnsidz/SeniorProject/CollaborationJava7/library/db/points.odb' is opened by 9057@eos23.cis.gvsu.edu

[2012-10-09 16:40:21 #2 type] 
Type collaboration.User is not enhanced.

[2012-10-09 16:40:21 #3 type] 
Type collaboration.Task is not enhanced.

[2012-10-09 16:40:21 #4 type] 
Type collaboration.Team is not enhanced.

[2012-10-09 16:40:21 #5 type] 
Type collaboration.UserStory is not enhanced.

[2012-10-09 16:40:21 #6 type] 
Type collaboration.Password is not enhanced.

[2012-10-09 16:40:21 #7 store] 
Database '/home/burnsidz/SeniorProject/CollaborationJava7/library/db/points.odb' is closed by 9057@eos23.cis.gvsu.edu

------------------------------------------------------------------------------------------------------------------------

[2012-10-09 16:40:34 #1 store] 
Database '/home/burnsidz/SeniorProject/CollaborationJava7/library/db/points.odb' is opened by 9091@eos23.cis.gvsu.edu

[2012-10-09 16:40:34 #2 type] 
Type collaboration.User is not enhanced.

[2012-10-09 16:40:34 #3 type] 
Type collaboration.Task is not enhanced.

[2012-10-09 16:40:34 #4 type] 
Type collaboration.Team is not enhanced.

[2012-10-09 16:40:34 #5 type] 
Type collaboration.UserStory is not enhanced.

[2012-10-09 16:40:34 #6 type] 
Type collaboration.Password is not enhanced.

[2012-10-09 16:40:35 #7 store] 
Database '/home/burnsidz/SeniorProject/CollaborationJava7/library/db/points.odb' is closed by 9091@eos23.cis.gvsu.edu

------------------------------------------------------------------------------------------------------------------------

[2012-10-09 16:41:21 #1 store] 
Database '/home/burnsidz/SeniorProject/CollaborationJava7/library/db/points.odb' is opened by 9128@eos23.cis.gvsu.edu

[2012-10-09 16:41:21 #2 type] 
Type collaboration.User is not enhanced.

[2012-10-09 16:41:21 #3 type] 
Type collaboration.Task is not enhanced.

[2012-10-09 16:41:21 #4 type] 
Type collaboration.Team is not enhanced.

[2012-10-09 16:41:21 #5 type] 
Type collaboration.UserStory is not enhanced.

[2012-10-09 16:41:21 #6 type] 
Type collaboration.Password is not enhanced.

[2012-10-09 16:41:22 #7 store] 
Database '/home/burnsidz/SeniorProject/CollaborationJava7/library/db/points.odb' is closed by 9128@eos23.cis.gvsu.edu

------------------------------------------------------------------------------------------------------------------------

[2012-10-09 16:43:11 #1 store] 
Database '/home/burnsidz/SeniorProject/CollaborationJava7/library/db/UserPass.odb' is opened by 9180@eos23.cis.gvsu.edu

[2012-10-09 16:43:12 #2 type] 
Type collaboration.Password is not enhanced.

[2012-10-09 16:43:12 #3 type] 
Type collaboration.User is not enhanced.

[2012-10-09 16:43:12 #4 type] 
Type collaboration.Task is not enhanced.

[2012-10-09 16:43:12 #5 type] 
Type collaboration.Team is not enhanced.

[2012-10-09 16:43:12 #6 type] 
Type collaboration.UserStory is not enhanced.

[2012-10-09 16:43:12 #7 store] 
Database '/home/burnsidz/SeniorProject/CollaborationJava7/library/db/UserPass.odb' is closed by 9180@eos23.cis.gvsu.edu

------------------------------------------------------------------------------------------------------------------------

[2012-10-09 16:44:31 #1 store] 
Database '/home/burnsidz/SeniorProject/CollaborationJava7/library/db/UserPass.odb' is opened by 9214@eos23.cis.gvsu.edu

[2012-10-09 16:44:31 #2 type] 
Type collaboration.Password is not enhanced.

[2012-10-09 16:44:31 #3 type] 
Type collaboration.User is not enhanced.

[2012-10-09 16:44:31 #4 type] 
Type collaboration.Task is not enhanced.

[2012-10-09 16:44:31 #5 type] 
Type collaboration.Team is not enhanced.

[2012-10-09 16:44:31 #6 type] 
Type collaboration.UserStory is not enhanced.

[2012-10-09 16:44:32 #7 store] 
Database '/home/burnsidz/SeniorProject/CollaborationJava7/library/db/UserPass.odb' is closed by 9214@eos23.cis.gvsu.edu

------------------------------------------------------------------------------------------------------------------------

[2012-10-09 16:45:06 #1 store] 
Database '/home/burnsidz/SeniorProject/CollaborationJava7/library/db/UserPass.odb' is opened by 9248@eos23.cis.gvsu.edu

[2012-10-09 16:45:06 #2 type] 
Type collaboration.Password is not enhanced.

[2012-10-09 16:45:06 #3 type] 
Type collaboration.User is not enhanced.

[2012-10-09 16:45:06 #4 type] 
Type collaboration.Task is not enhanced.

[2012-10-09 16:45:06 #5 type] 
Type collaboration.Team is not enhanced.

[2012-10-09 16:45:06 #6 type] 
Type collaboration.UserStory is not enhanced.

[2012-10-09 16:45:07 #7 store] 
Database '/home/burnsidz/SeniorProject/CollaborationJava7/library/db/UserPass.odb' is closed by 9248@eos23.cis.gvsu.edu

------------------------------------------------------------------------------------------------------------------------

[2012-10-09 16:45:52 #1 store] 
Database '/home/burnsidz/SeniorProject/CollaborationJava7/library/db/UserPass.odb' is opened by 9283@eos23.cis.gvsu.edu

[2012-10-09 16:45:52 #2 type] 
Type collaboration.Password is not enhanced.

[2012-10-09 16:45:52 #3 type] 
Type collaboration.User is not enhanced.

[2012-10-09 16:45:52 #4 type] 
Type collaboration.Task is not enhanced.

[2012-10-09 16:45:52 #5 type] 
Type collaboration.Team is not enhanced.

[2012-10-09 16:45:52 #6 type] 
Type collaboration.UserStory is not enhanced.

[2012-10-09 16:45:53 #7 store] 
Database '/home/burnsidz/SeniorProject/CollaborationJava7/library/db/UserPass.odb' is closed by 9283@eos23.cis.gvsu.edu

------------------------------------------------------------------------------------------------------------------------

[2012-10-09 16:47:25 #1 store] 
Database '/home/burnsidz/SeniorProject/CollaborationJava7/library/db/UserPass.odb' is opened by 9315@eos23.cis.gvsu.edu

[2012-10-09 16:47:26 #2 type] 
Type collaboration.Password is not enhanced.

[2012-10-09 16:47:26 #3 type] 
Type collaboration.User is not enhanced.

[2012-10-09 16:47:26 #4 type] 
Type collaboration.Task is not enhanced.

[2012-10-09 16:47:26 #5 type] 
Type collaboration.Team is not enhanced.

[2012-10-09 16:47:26 #6 type] 
Type collaboration.UserStory is not enhanced.

------------------------------------------------------------------------------------------------------------------------

[2012-10-09 16:48:00 #1 store] 
Database '/home/burnsidz/SeniorProject/CollaborationJava7/library/db/UserPass.odb' is opened by 9354@eos23.cis.gvsu.edu

[2012-10-09 16:48:00 #2 type] 
Type collaboration.Password is not enhanced.

[2012-10-09 16:48:00 #3 type] 
Type collaboration.User is not enhanced.

[2012-10-09 16:48:00 #4 type] 
Type collaboration.Task is not enhanced.

[2012-10-09 16:48:00 #5 type] 
Type collaboration.Team is not enhanced.

[2012-10-09 16:48:00 #6 type] 
Type collaboration.UserStory is not enhanced.

------------------------------------------------------------------------------------------------------------------------

[2012-10-09 16:49:38 #1 store] 
Database '/home/burnsidz/SeniorProject/CollaborationJava7/library/db/UserPass.odb' is opened by 9390@eos23.cis.gvsu.edu

[2012-10-09 16:49:38 #2 type] 
Type collaboration.Password is not enhanced.

[2012-10-09 16:49:38 #3 type] 
Type collaboration.User is not enhanced.

[2012-10-09 16:49:38 #4 type] 
Type collaboration.Task is not enhanced.

[2012-10-09 16:49:38 #5 type] 
Type collaboration.Team is not enhanced.

[2012-10-09 16:49:38 #6 type] 
Type collaboration.UserStory is not enhanced.

------------------------------------------------------------------------------------------------------------------------

[2012-10-09 16:49:55 #1 store] 
Database '/home/burnsidz/SeniorProject/CollaborationJava7/library/db/UserPass.odb' is opened by 9423@eos23.cis.gvsu.edu

[2012-10-09 16:49:55 #2 type] 
Type collaboration.Password is not enhanced.

[2012-10-09 16:49:55 #3 type] 
Type collaboration.User is not enhanced.

[2012-10-09 16:49:55 #4 type] 
Type collaboration.Task is not enhanced.

[2012-10-09 16:49:55 #5 type] 
Type collaboration.Team is not enhanced.

[2012-10-09 16:49:55 #6 type] 
Type collaboration.UserStory is not enhanced.

------------------------------------------------------------------------------------------------------------------------

[2012-10-09 16:51:19 #1 store] 
Database '/home/burnsidz/SeniorProject/CollaborationJava7/library/db/UserPass.odb' is opened by 9456@eos23.cis.gvsu.edu

[2012-10-09 16:51:19 #2 type] 
Type collaboration.Password is not enhanced.

[2012-10-09 16:51:19 #3 type] 
Type collaboration.User is not enhanced.

[2012-10-09 16:51:19 #4 type] 
Type collaboration.Task is not enhanced.

[2012-10-09 16:51:19 #5 type] 
Type collaboration.Team is not enhanced.

[2012-10-09 16:51:19 #6 type] 
Type collaboration.UserStory is not enhanced.

------------------------------------------------------------------------------------------------------------------------

[2012-10-09 16:51:38 #1 store] 
Database '/home/burnsidz/SeniorProject/CollaborationJava7/library/db/UserPass.odb' is opened by 9489@eos23.cis.gvsu.edu

[2012-10-09 16:51:38 #2 type] 
Type collaboration.Password is not enhanced.

[2012-10-09 16:51:38 #3 type] 
Type collaboration.User is not enhanced.

[2012-10-09 16:51:38 #4 type] 
Type collaboration.Task is not enhanced.

[2012-10-09 16:51:38 #5 type] 
Type collaboration.Team is not enhanced.

[2012-10-09 16:51:38 #6 type] 
Type collaboration.UserStory is not enhanced.

[2012-10-09 16:51:39 #7 store] 
Database '/home/burnsidz/SeniorProject/CollaborationJava7/library/db/UserPass.odb' is closed by 9489@eos23.cis.gvsu.edu

