------------------------------------------------------------------------------------------------------------------------

[2012-12-11 23:22:36 #1 store] 
Database 'C:\Users\Mike\Documents\CS467\CollaborationJava7\CollaborationJava7Server\db\ProjectDB.odb' is opened by 4504@Vokes-HP

[2012-12-11 23:22:36 #2 type] 
Type collaborationjava7.common.User is not enhanced.

[2012-12-11 23:22:36 #3 type] 
Type collaborationjava7.common.Task is not enhanced.

[2012-12-11 23:22:36 #4 type] 
Type collaborationjava7.common.Team is not enhanced.

[2012-12-11 23:22:36 #5 type] 
Type collaborationjava7.common.Status is not enhanced.

[2012-12-11 23:22:36 #6 type] 
Type collaborationjava7.common.UserStory is not enhanced.

[2012-12-11 23:22:36 #7 type] 
Type collaborationjava7.common.Project is not enhanced.

[2012-12-11 23:22:36 #8 type] 
Type collaborationjava7.common.Milestone is not enhanced.

[2012-12-11 23:22:36 #9 type] 
Type collaborationjava7.common.Schedule is not enhanced.

[2012-12-11 23:22:36 #10 type] 
Type collaborationjava7server.Password is not enhanced.

