------------------------------------------------------------------------------------------------------------------------

[2012-12-13 00:15:06 #1 store] 
Database 'C:\Users\Mike\Documents\GitHub\CollaborationJava7\CollaborationJava7Server\db\ProjectDB.odb' is opened by 4192@Vokes-HP

[2012-12-13 00:15:07 #2 type] 
Type collaborationjava7.common.User is not enhanced.

[2012-12-13 00:15:07 #3 type] 
Type collaborationjava7.common.Task is not enhanced.

[2012-12-13 00:15:07 #4 type] 
Type collaborationjava7.common.Team is not enhanced.

[2012-12-13 00:15:07 #5 type] 
Type collaborationjava7.common.Status is not enhanced.

[2012-12-13 00:15:07 #6 type] 
Type collaborationjava7.common.UserStory is not enhanced.

[2012-12-13 00:15:07 #7 type] 
Type collaborationjava7.common.Project is not enhanced.

[2012-12-13 00:15:07 #8 type] 
Type collaborationjava7.common.Milestone is not enhanced.

[2012-12-13 00:15:07 #9 type] 
Type collaborationjava7.common.Schedule is not enhanced.

[2012-12-13 00:15:07 #10 type] 
Type collaborationjava7server.Password is not enhanced.

------------------------------------------------------------------------------------------------------------------------

[2012-12-13 00:16:45 #1 store] 
Database 'C:\Users\Mike\Documents\GitHub\CollaborationJava7\CollaborationJava7Server\db\ProjectDB.odb' is opened by 4276@Vokes-HP

[2012-12-13 00:16:45 #2 type] 
Type collaborationjava7.common.User is not enhanced.

[2012-12-13 00:16:45 #3 type] 
Type collaborationjava7.common.Task is not enhanced.

[2012-12-13 00:16:45 #4 type] 
Type collaborationjava7.common.Team is not enhanced.

[2012-12-13 00:16:45 #5 type] 
Type collaborationjava7.common.Status is not enhanced.

[2012-12-13 00:16:45 #6 type] 
Type collaborationjava7.common.UserStory is not enhanced.

[2012-12-13 00:16:45 #7 type] 
Type collaborationjava7.common.Project is not enhanced.

[2012-12-13 00:16:45 #8 type] 
Type collaborationjava7.common.Milestone is not enhanced.

[2012-12-13 00:16:45 #9 type] 
Type collaborationjava7.common.Schedule is not enhanced.

[2012-12-13 00:16:45 #10 type] 
Type collaborationjava7server.Password is not enhanced.

------------------------------------------------------------------------------------------------------------------------

[2012-12-13 00:18:02 #1 store] 
Database 'C:\Users\Mike\Documents\GitHub\CollaborationJava7\CollaborationJava7Server\db\ProjectDB.odb' is opened by 3984@Vokes-HP

[2012-12-13 00:18:02 #2 type] 
Type collaborationjava7.common.User is not enhanced.

[2012-12-13 00:18:02 #3 type] 
Type collaborationjava7.common.Task is not enhanced.

[2012-12-13 00:18:02 #4 type] 
Type collaborationjava7.common.Team is not enhanced.

[2012-12-13 00:18:02 #5 type] 
Type collaborationjava7.common.Status is not enhanced.

[2012-12-13 00:18:02 #6 type] 
Type collaborationjava7.common.UserStory is not enhanced.

[2012-12-13 00:18:02 #7 type] 
Type collaborationjava7.common.Project is not enhanced.

[2012-12-13 00:18:02 #8 type] 
Type collaborationjava7.common.Milestone is not enhanced.

[2012-12-13 00:18:02 #9 type] 
Type collaborationjava7.common.Schedule is not enhanced.

[2012-12-13 00:18:02 #10 type] 
Type collaborationjava7server.Password is not enhanced.

------------------------------------------------------------------------------------------------------------------------

[2012-12-13 00:33:51 #1 store] 
Database 'C:\Users\Mike\Documents\GitHub\CollaborationJava7\CollaborationJava7Server\db\ProjectDB.odb' is opened by 4460@Vokes-HP

[2012-12-13 00:33:51 #2 type] 
Type collaborationjava7.common.User is not enhanced.

[2012-12-13 00:33:51 #3 type] 
Type collaborationjava7.common.Task is not enhanced.

[2012-12-13 00:33:51 #4 type] 
Type collaborationjava7.common.Team is not enhanced.

[2012-12-13 00:33:51 #5 type] 
Type collaborationjava7.common.Status is not enhanced.

[2012-12-13 00:33:51 #6 type] 
Type collaborationjava7.common.UserStory is not enhanced.

[2012-12-13 00:33:51 #7 type] 
Type collaborationjava7.common.Project is not enhanced.

[2012-12-13 00:33:51 #8 type] 
Type collaborationjava7.common.Milestone is not enhanced.

[2012-12-13 00:33:51 #9 type] 
Type collaborationjava7.common.Schedule is not enhanced.

[2012-12-13 00:33:51 #10 type] 
Type collaborationjava7server.Password is not enhanced.

------------------------------------------------------------------------------------------------------------------------

[2012-12-13 00:40:06 #1 store] 
Database 'C:\Users\Mike\Documents\GitHub\CollaborationJava7\CollaborationJava7Server\db\ProjectDB.odb' is opened by 5116@Vokes-HP

[2012-12-13 00:40:06 #2 type] 
Type collaborationjava7.common.User is not enhanced.

[2012-12-13 00:40:06 #3 type] 
Type collaborationjava7.common.Task is not enhanced.

[2012-12-13 00:40:06 #4 type] 
Type collaborationjava7.common.Team is not enhanced.

[2012-12-13 00:40:06 #5 type] 
Type collaborationjava7.common.Status is not enhanced.

[2012-12-13 00:40:06 #6 type] 
Type collaborationjava7.common.UserStory is not enhanced.

[2012-12-13 00:40:06 #7 type] 
Type collaborationjava7.common.Project is not enhanced.

[2012-12-13 00:40:06 #8 type] 
Type collaborationjava7.common.Milestone is not enhanced.

[2012-12-13 00:40:06 #9 type] 
Type collaborationjava7.common.Schedule is not enhanced.

[2012-12-13 00:40:06 #10 type] 
Type collaborationjava7server.Password is not enhanced.

------------------------------------------------------------------------------------------------------------------------

[2012-12-13 05:10:10 #1 store] 
Database 'C:\Users\Mike\Documents\GitHub\CollaborationJava7\CollaborationJava7Server\db\ProjectDB.odb' is opened by 680@Vokes-HP

[2012-12-13 05:10:10 #2 type] 
Type collaborationjava7.common.User is not enhanced.

[2012-12-13 05:10:10 #3 type] 
Type collaborationjava7.common.Task is not enhanced.

[2012-12-13 05:10:10 #4 type] 
Type collaborationjava7.common.Team is not enhanced.

[2012-12-13 05:10:10 #5 type] 
Type collaborationjava7.common.Status is not enhanced.

[2012-12-13 05:10:10 #6 type] 
Type collaborationjava7.common.UserStory is not enhanced.

[2012-12-13 05:10:10 #7 type] 
Type collaborationjava7.common.Project is not enhanced.

[2012-12-13 05:10:10 #8 type] 
Type collaborationjava7.common.Milestone is not enhanced.

[2012-12-13 05:10:10 #9 type] 
Type collaborationjava7.common.Schedule is not enhanced.

[2012-12-13 05:10:10 #10 type] 
Type collaborationjava7server.Password is not enhanced.

------------------------------------------------------------------------------------------------------------------------

[2012-12-13 05:47:14 #1 store] 
Database 'C:\Users\Mike\Documents\GitHub\CollaborationJava7\CollaborationJava7Server\db\ProjectDB.odb' is opened by 5212@Vokes-HP

[2012-12-13 05:47:15 #2 type] 
Type collaborationjava7.common.User is not enhanced.

[2012-12-13 05:47:15 #3 type] 
Type collaborationjava7.common.Task is not enhanced.

[2012-12-13 05:47:15 #4 type] 
Type collaborationjava7.common.Team is not enhanced.

[2012-12-13 05:47:15 #5 type] 
Type collaborationjava7.common.Status is not enhanced.

[2012-12-13 05:47:15 #6 type] 
Type collaborationjava7.common.UserStory is not enhanced.

[2012-12-13 05:47:15 #7 type] 
Type collaborationjava7.common.Project is not enhanced.

[2012-12-13 05:47:15 #8 type] 
Type collaborationjava7.common.Milestone is not enhanced.

[2012-12-13 05:47:15 #9 type] 
Type collaborationjava7.common.Schedule is not enhanced.

[2012-12-13 05:47:15 #10 type] 
Type collaborationjava7server.Password is not enhanced.

------------------------------------------------------------------------------------------------------------------------

[2012-12-13 05:53:16 #1 store] 
Database 'C:\Users\Mike\Documents\GitHub\CollaborationJava7\CollaborationJava7Server\db\ProjectDB.odb' is opened by 3956@Vokes-HP

[2012-12-13 05:53:16 #2 type] 
Type collaborationjava7.common.User is not enhanced.

[2012-12-13 05:53:16 #3 type] 
Type collaborationjava7.common.Task is not enhanced.

[2012-12-13 05:53:16 #4 type] 
Type collaborationjava7.common.Team is not enhanced.

[2012-12-13 05:53:16 #5 type] 
Type collaborationjava7.common.Status is not enhanced.

[2012-12-13 05:53:16 #6 type] 
Type collaborationjava7.common.UserStory is not enhanced.

[2012-12-13 05:53:16 #7 type] 
Type collaborationjava7.common.Project is not enhanced.

[2012-12-13 05:53:16 #8 type] 
Type collaborationjava7.common.Milestone is not enhanced.

[2012-12-13 05:53:16 #9 type] 
Type collaborationjava7.common.Schedule is not enhanced.

[2012-12-13 05:53:16 #10 type] 
Type collaborationjava7server.Password is not enhanced.

------------------------------------------------------------------------------------------------------------------------

[2012-12-13 06:30:00 #1 store] 
Database 'C:\Users\Mike\Documents\CS467\CollaborationJava7\CollaborationJava7Server\db\ProjectDB.odb' is opened by 5140@Vokes-HP

[2012-12-13 06:30:00 #2 type] 
Type collaborationjava7.common.User is not enhanced.

[2012-12-13 06:30:00 #3 type] 
Type collaborationjava7.common.Task is not enhanced.

[2012-12-13 06:30:00 #4 type] 
Type collaborationjava7.common.Team is not enhanced.

[2012-12-13 06:30:00 #5 type] 
Type collaborationjava7.common.Status is not enhanced.

[2012-12-13 06:30:00 #6 type] 
Type collaborationjava7.common.UserStory is not enhanced.

[2012-12-13 06:30:00 #7 type] 
Type collaborationjava7.common.Project is not enhanced.

[2012-12-13 06:30:00 #8 type] 
Type collaborationjava7.common.Milestone is not enhanced.

[2012-12-13 06:30:00 #9 type] 
Type collaborationjava7.common.Schedule is not enhanced.

[2012-12-13 06:30:00 #10 type] 
Type collaborationjava7server.Password is not enhanced.

------------------------------------------------------------------------------------------------------------------------

[2012-12-13 06:32:37 #1 store] 
Database 'C:\Users\Mike\Documents\CS467\CollaborationJava7\CollaborationJava7Server\db\ProjectDB.odb' is opened by 3588@Vokes-HP

[2012-12-13 06:32:37 #2 type] 
Type collaborationjava7.common.User is not enhanced.

[2012-12-13 06:32:37 #3 type] 
Type collaborationjava7.common.Task is not enhanced.

[2012-12-13 06:32:37 #4 type] 
Type collaborationjava7.common.Team is not enhanced.

[2012-12-13 06:32:37 #5 type] 
Type collaborationjava7.common.Status is not enhanced.

[2012-12-13 06:32:37 #6 type] 
Type collaborationjava7.common.UserStory is not enhanced.

[2012-12-13 06:32:37 #7 type] 
Type collaborationjava7.common.Project is not enhanced.

[2012-12-13 06:32:37 #8 type] 
Type collaborationjava7.common.Milestone is not enhanced.

[2012-12-13 06:32:37 #9 type] 
Type collaborationjava7.common.Schedule is not enhanced.

[2012-12-13 06:32:37 #10 type] 
Type collaborationjava7server.Password is not enhanced.

------------------------------------------------------------------------------------------------------------------------

[2012-12-13 06:46:44 #1 store] 
Database 'C:\Users\Mike\Documents\CS467\CollaborationJava7\CollaborationJava7Server\db\ProjectDB.odb' is opened by 5572@Vokes-HP

[2012-12-13 06:46:44 #2 type] 
Type collaborationjava7.common.User is not enhanced.

[2012-12-13 06:46:44 #3 type] 
Type collaborationjava7.common.Task is not enhanced.

[2012-12-13 06:46:44 #4 type] 
Type collaborationjava7.common.Team is not enhanced.

[2012-12-13 06:46:44 #5 type] 
Type collaborationjava7.common.Status is not enhanced.

[2012-12-13 06:46:44 #6 type] 
Type collaborationjava7.common.UserStory is not enhanced.

[2012-12-13 06:46:44 #7 type] 
Type collaborationjava7.common.Project is not enhanced.

[2012-12-13 06:46:44 #8 type] 
Type collaborationjava7.common.Milestone is not enhanced.

[2012-12-13 06:46:44 #9 type] 
Type collaborationjava7.common.Schedule is not enhanced.

[2012-12-13 06:46:44 #10 type] 
Type collaborationjava7server.Password is not enhanced.

------------------------------------------------------------------------------------------------------------------------

[2012-12-13 07:07:34 #1 store] 
Database 'C:\Users\Mike\Documents\CS467\CollaborationJava7\CollaborationJava7Server\db\ProjectDB.odb' is opened by 6104@Vokes-HP

[2012-12-13 07:07:34 #2 type] 
Type collaborationjava7.common.User is not enhanced.

[2012-12-13 07:07:34 #3 type] 
Type collaborationjava7.common.Task is not enhanced.

[2012-12-13 07:07:34 #4 type] 
Type collaborationjava7.common.Team is not enhanced.

[2012-12-13 07:07:34 #5 type] 
Type collaborationjava7.common.Status is not enhanced.

[2012-12-13 07:07:34 #6 type] 
Type collaborationjava7.common.UserStory is not enhanced.

[2012-12-13 07:07:34 #7 type] 
Type collaborationjava7.common.Project is not enhanced.

[2012-12-13 07:07:34 #8 type] 
Type collaborationjava7.common.Milestone is not enhanced.

[2012-12-13 07:07:34 #9 type] 
Type collaborationjava7.common.Schedule is not enhanced.

[2012-12-13 07:07:34 #10 type] 
Type collaborationjava7server.Password is not enhanced.

------------------------------------------------------------------------------------------------------------------------

[2012-12-13 07:50:11 #1 store] 
Database 'C:\Users\Mike\Documents\CS467\CollaborationJava7\CollaborationJava7Server\db\ProjectDB.odb' is opened by 5244@Vokes-HP

[2012-12-13 07:50:11 #2 type] 
Type collaborationjava7.common.User is not enhanced.

[2012-12-13 07:50:11 #3 type] 
Type collaborationjava7.common.Task is not enhanced.

[2012-12-13 07:50:11 #4 type] 
Type collaborationjava7.common.Team is not enhanced.

[2012-12-13 07:50:11 #5 type] 
Type collaborationjava7.common.Status is not enhanced.

[2012-12-13 07:50:11 #6 type] 
Type collaborationjava7.common.UserStory is not enhanced.

[2012-12-13 07:50:11 #7 type] 
Type collaborationjava7.common.Project is not enhanced.

[2012-12-13 07:50:11 #8 type] 
Type collaborationjava7.common.Milestone is not enhanced.

[2012-12-13 07:50:11 #9 type] 
Type collaborationjava7.common.Schedule is not enhanced.

[2012-12-13 07:50:11 #10 type] 
Type collaborationjava7server.Password is not enhanced.

------------------------------------------------------------------------------------------------------------------------

[2012-12-13 08:15:41 #1 store] 
Database 'C:\Users\Mike\Documents\CS467\CollaborationJava7\CollaborationJava7Server\db\ProjectDB.odb' is opened by 3092@Vokes-HP

[2012-12-13 08:15:41 #2 type] 
Type collaborationjava7.common.User is not enhanced.

[2012-12-13 08:15:41 #3 type] 
Type collaborationjava7.common.Task is not enhanced.

[2012-12-13 08:15:41 #4 type] 
Type collaborationjava7.common.Team is not enhanced.

[2012-12-13 08:15:41 #5 type] 
Type collaborationjava7.common.Status is not enhanced.

[2012-12-13 08:15:41 #6 type] 
Type collaborationjava7.common.UserStory is not enhanced.

[2012-12-13 08:15:41 #7 type] 
Type collaborationjava7.common.Project is not enhanced.

[2012-12-13 08:15:41 #8 type] 
Type collaborationjava7.common.Milestone is not enhanced.

[2012-12-13 08:15:41 #9 type] 
Type collaborationjava7.common.Schedule is not enhanced.

[2012-12-13 08:15:41 #10 type] 
Type collaborationjava7server.Password is not enhanced.

------------------------------------------------------------------------------------------------------------------------

[2012-12-13 08:22:20 #1 store] 
Database 'C:\Users\Mike\Documents\CS467\CollaborationJava7\CollaborationJava7Server\db\ProjectDB.odb' is opened by 6132@Vokes-HP

[2012-12-13 08:22:20 #2 type] 
Type collaborationjava7.common.User is not enhanced.

[2012-12-13 08:22:20 #3 type] 
Type collaborationjava7.common.Task is not enhanced.

[2012-12-13 08:22:20 #4 type] 
Type collaborationjava7.common.Team is not enhanced.

[2012-12-13 08:22:20 #5 type] 
Type collaborationjava7.common.Status is not enhanced.

[2012-12-13 08:22:20 #6 type] 
Type collaborationjava7.common.UserStory is not enhanced.

[2012-12-13 08:22:20 #7 type] 
Type collaborationjava7.common.Project is not enhanced.

[2012-12-13 08:22:20 #8 type] 
Type collaborationjava7.common.Milestone is not enhanced.

[2012-12-13 08:22:20 #9 type] 
Type collaborationjava7.common.Schedule is not enhanced.

[2012-12-13 08:22:20 #10 type] 
Type collaborationjava7server.Password is not enhanced.

------------------------------------------------------------------------------------------------------------------------

[2012-12-13 08:43:19 #1 store] 
Database 'C:\Users\Mike\Documents\CS467\CollaborationJava7\CollaborationJava7Server\db\ProjectDB.odb' is opened by 3900@Vokes-HP

[2012-12-13 08:43:19 #2 type] 
Type collaborationjava7.common.User is not enhanced.

[2012-12-13 08:43:19 #3 type] 
Type collaborationjava7.common.Task is not enhanced.

[2012-12-13 08:43:19 #4 type] 
Type collaborationjava7.common.Team is not enhanced.

[2012-12-13 08:43:19 #5 type] 
Type collaborationjava7.common.Status is not enhanced.

[2012-12-13 08:43:19 #6 type] 
Type collaborationjava7.common.UserStory is not enhanced.

[2012-12-13 08:43:19 #7 type] 
Type collaborationjava7.common.Project is not enhanced.

[2012-12-13 08:43:19 #8 type] 
Type collaborationjava7.common.Milestone is not enhanced.

[2012-12-13 08:43:19 #9 type] 
Type collaborationjava7.common.Schedule is not enhanced.

[2012-12-13 08:43:19 #10 type] 
Type collaborationjava7server.Password is not enhanced.

------------------------------------------------------------------------------------------------------------------------

[2012-12-13 08:46:41 #1 store] 
Database 'C:\Users\Mike\Documents\CS467\CollaborationJava7\CollaborationJava7Server\db\ProjectDB.odb' is opened by 3632@Vokes-HP

[2012-12-13 08:46:41 #2 type] 
Type collaborationjava7.common.User is not enhanced.

[2012-12-13 08:46:41 #3 type] 
Type collaborationjava7.common.Task is not enhanced.

[2012-12-13 08:46:41 #4 type] 
Type collaborationjava7.common.Team is not enhanced.

[2012-12-13 08:46:41 #5 type] 
Type collaborationjava7.common.Status is not enhanced.

[2012-12-13 08:46:41 #6 type] 
Type collaborationjava7.common.UserStory is not enhanced.

[2012-12-13 08:46:41 #7 type] 
Type collaborationjava7.common.Project is not enhanced.

[2012-12-13 08:46:41 #8 type] 
Type collaborationjava7.common.Milestone is not enhanced.

[2012-12-13 08:46:41 #9 type] 
Type collaborationjava7.common.Schedule is not enhanced.

[2012-12-13 08:46:41 #10 type] 
Type collaborationjava7server.Password is not enhanced.

------------------------------------------------------------------------------------------------------------------------

[2012-12-13 08:52:07 #1 store] 
Database 'C:\Users\Mike\Documents\CS467\CollaborationJava7\CollaborationJava7Server\db\ProjectDB.odb' is opened by 5192@Vokes-HP

[2012-12-13 08:52:07 #2 type] 
Type collaborationjava7.common.User is not enhanced.

[2012-12-13 08:52:07 #3 type] 
Type collaborationjava7.common.Task is not enhanced.

[2012-12-13 08:52:07 #4 type] 
Type collaborationjava7.common.Team is not enhanced.

[2012-12-13 08:52:07 #5 type] 
Type collaborationjava7.common.Status is not enhanced.

[2012-12-13 08:52:07 #6 type] 
Type collaborationjava7.common.UserStory is not enhanced.

[2012-12-13 08:52:07 #7 type] 
Type collaborationjava7.common.Project is not enhanced.

[2012-12-13 08:52:07 #8 type] 
Type collaborationjava7.common.Milestone is not enhanced.

[2012-12-13 08:52:07 #9 type] 
Type collaborationjava7.common.Schedule is not enhanced.

[2012-12-13 08:52:07 #10 type] 
Type collaborationjava7server.Password is not enhanced.

------------------------------------------------------------------------------------------------------------------------

[2012-12-13 09:14:13 #1 store] 
Database 'C:\Users\Mike\Documents\CS467\CollaborationJava7\CollaborationJava7Server\db\ProjectDB.odb' has been recovered (tr. 12-52)

[2012-12-13 09:14:13 #2 store] 
Database 'C:\Users\Mike\Documents\CS467\CollaborationJava7\CollaborationJava7Server\db\ProjectDB.odb' is opened by 5408@Vokes-HP

[2012-12-13 09:14:13 #3 type] 
Type collaborationjava7.common.User is not enhanced.

[2012-12-13 09:14:13 #4 type] 
Type collaborationjava7.common.Task is not enhanced.

[2012-12-13 09:14:13 #5 type] 
Type collaborationjava7.common.Team is not enhanced.

[2012-12-13 09:14:13 #6 type] 
Type collaborationjava7.common.Status is not enhanced.

[2012-12-13 09:14:13 #7 type] 
Type collaborationjava7.common.UserStory is not enhanced.

[2012-12-13 09:14:13 #8 type] 
Type collaborationjava7.common.Project is not enhanced.

[2012-12-13 09:14:13 #9 type] 
Type collaborationjava7.common.Milestone is not enhanced.

[2012-12-13 09:14:13 #10 type] 
Type collaborationjava7.common.Schedule is not enhanced.

[2012-12-13 09:14:13 #11 type] 
Type collaborationjava7server.Password is not enhanced.

------------------------------------------------------------------------------------------------------------------------

[2012-12-13 09:21:38 #1 store] 
Database 'C:\Users\Mike\Documents\CS467\CollaborationJava7\CollaborationJava7Server\db\ProjectDB.odb' is opened by 4948@Vokes-HP

[2012-12-13 09:21:39 #2 type] 
Type collaborationjava7.common.User is not enhanced.

[2012-12-13 09:21:39 #3 type] 
Type collaborationjava7.common.Task is not enhanced.

[2012-12-13 09:21:39 #4 type] 
Type collaborationjava7.common.Team is not enhanced.

[2012-12-13 09:21:39 #5 type] 
Type collaborationjava7.common.Status is not enhanced.

[2012-12-13 09:21:39 #6 type] 
Type collaborationjava7.common.UserStory is not enhanced.

[2012-12-13 09:21:39 #7 type] 
Type collaborationjava7.common.Project is not enhanced.

[2012-12-13 09:21:39 #8 type] 
Type collaborationjava7.common.Milestone is not enhanced.

[2012-12-13 09:21:39 #9 type] 
Type collaborationjava7.common.Schedule is not enhanced.

[2012-12-13 09:21:39 #10 type] 
Type collaborationjava7server.Password is not enhanced.

------------------------------------------------------------------------------------------------------------------------

[2012-12-13 09:27:00 #1 store] 
Database 'C:\Users\Mike\Documents\CS467\CollaborationJava7\CollaborationJava7Server\db\ProjectDB.odb' has been recovered (tr. 53-55)

[2012-12-13 09:27:00 #2 store] 
Database 'C:\Users\Mike\Documents\CS467\CollaborationJava7\CollaborationJava7Server\db\ProjectDB.odb' is opened by 5668@Vokes-HP

[2012-12-13 09:27:01 #3 type] 
Type collaborationjava7.common.User is not enhanced.

[2012-12-13 09:27:01 #4 type] 
Type collaborationjava7.common.Task is not enhanced.

[2012-12-13 09:27:01 #5 type] 
Type collaborationjava7.common.Team is not enhanced.

[2012-12-13 09:27:01 #6 type] 
Type collaborationjava7.common.Status is not enhanced.

[2012-12-13 09:27:01 #7 type] 
Type collaborationjava7.common.UserStory is not enhanced.

[2012-12-13 09:27:01 #8 type] 
Type collaborationjava7.common.Project is not enhanced.

[2012-12-13 09:27:01 #9 type] 
Type collaborationjava7.common.Milestone is not enhanced.

[2012-12-13 09:27:01 #10 type] 
Type collaborationjava7.common.Schedule is not enhanced.

[2012-12-13 09:27:01 #11 type] 
Type collaborationjava7server.Password is not enhanced.

------------------------------------------------------------------------------------------------------------------------

[2012-12-13 09:39:59 #1 store] 
Database 'C:\Users\Mike\Documents\CS467\CollaborationJava7\CollaborationJava7Server\db\ProjectDB.odb' has been recovered (tr. 56-58)

[2012-12-13 09:39:59 #2 store] 
Database 'C:\Users\Mike\Documents\CS467\CollaborationJava7\CollaborationJava7Server\db\ProjectDB.odb' is opened by 4940@Vokes-HP

[2012-12-13 09:39:59 #3 type] 
Type collaborationjava7.common.User is not enhanced.

[2012-12-13 09:39:59 #4 type] 
Type collaborationjava7.common.Task is not enhanced.

[2012-12-13 09:39:59 #5 type] 
Type collaborationjava7.common.Team is not enhanced.

[2012-12-13 09:39:59 #6 type] 
Type collaborationjava7.common.Status is not enhanced.

[2012-12-13 09:39:59 #7 type] 
Type collaborationjava7.common.UserStory is not enhanced.

[2012-12-13 09:39:59 #8 type] 
Type collaborationjava7.common.Project is not enhanced.

[2012-12-13 09:39:59 #9 type] 
Type collaborationjava7.common.Milestone is not enhanced.

[2012-12-13 09:39:59 #10 type] 
Type collaborationjava7.common.Schedule is not enhanced.

[2012-12-13 09:39:59 #11 type] 
Type collaborationjava7server.Password is not enhanced.

------------------------------------------------------------------------------------------------------------------------

[2012-12-13 09:57:14 #1 store] 
Database 'C:\Users\Mike\Documents\CS467\CollaborationJava7\CollaborationJava7Server\db\ProjectDB.odb' is opened by 4652@Vokes-HP

[2012-12-13 09:57:14 #2 type] 
Type collaborationjava7.common.User is not enhanced.

[2012-12-13 09:57:14 #3 type] 
Type collaborationjava7.common.Task is not enhanced.

[2012-12-13 09:57:14 #4 type] 
Type collaborationjava7.common.Team is not enhanced.

[2012-12-13 09:57:14 #5 type] 
Type collaborationjava7.common.Status is not enhanced.

[2012-12-13 09:57:14 #6 type] 
Type collaborationjava7.common.UserStory is not enhanced.

[2012-12-13 09:57:14 #7 type] 
Type collaborationjava7.common.Project is not enhanced.

[2012-12-13 09:57:14 #8 type] 
Type collaborationjava7.common.Milestone is not enhanced.

[2012-12-13 09:57:14 #9 type] 
Type collaborationjava7.common.Schedule is not enhanced.

[2012-12-13 09:57:14 #10 type] 
Type collaborationjava7server.Password is not enhanced.

------------------------------------------------------------------------------------------------------------------------

[2012-12-13 10:04:06 #1 store] 
Database 'C:\Users\Mike\Documents\CS467\CollaborationJava7\CollaborationJava7Server\db\ProjectDB.odb' is opened by 5264@Vokes-HP

[2012-12-13 10:04:06 #2 type] 
Type collaborationjava7.common.User is not enhanced.

[2012-12-13 10:04:06 #3 type] 
Type collaborationjava7.common.Task is not enhanced.

[2012-12-13 10:04:06 #4 type] 
Type collaborationjava7.common.Team is not enhanced.

[2012-12-13 10:04:06 #5 type] 
Type collaborationjava7.common.Status is not enhanced.

[2012-12-13 10:04:06 #6 type] 
Type collaborationjava7.common.UserStory is not enhanced.

[2012-12-13 10:04:06 #7 type] 
Type collaborationjava7.common.Project is not enhanced.

[2012-12-13 10:04:06 #8 type] 
Type collaborationjava7.common.Milestone is not enhanced.

[2012-12-13 10:04:06 #9 type] 
Type collaborationjava7.common.Schedule is not enhanced.

[2012-12-13 10:04:06 #10 type] 
Type collaborationjava7server.Password is not enhanced.

