------------------------------------------------------------------------------------------------------------------------

[2012-12-12 01:52:17 #1 store] 
Database 'C:\Users\Mike\Documents\GitHub\CollaborationJava7\CollaborationJava7Server\db\ProjectDB.odb' has been recovered (tr. 11-11)

[2012-12-12 01:52:17 #2 store] 
Database 'C:\Users\Mike\Documents\GitHub\CollaborationJava7\CollaborationJava7Server\db\ProjectDB.odb' is opened by 5456@Vokes-HP

[2012-12-12 01:52:18 #3 type] 
Type collaborationjava7.common.User is not enhanced.

[2012-12-12 01:52:18 #4 type] 
Type collaborationjava7.common.Task is not enhanced.

[2012-12-12 01:52:18 #5 type] 
Type collaborationjava7.common.Team is not enhanced.

[2012-12-12 01:52:18 #6 type] 
Type collaborationjava7.common.Status is not enhanced.

[2012-12-12 01:52:18 #7 type] 
Type collaborationjava7.common.UserStory is not enhanced.

[2012-12-12 01:52:18 #8 type] 
Type collaborationjava7.common.Project is not enhanced.

[2012-12-12 01:52:18 #9 type] 
Type collaborationjava7.common.Milestone is not enhanced.

[2012-12-12 01:52:18 #10 type] 
Type collaborationjava7.common.Schedule is not enhanced.

[2012-12-12 01:52:18 #11 type] 
Type collaborationjava7server.Password is not enhanced.

------------------------------------------------------------------------------------------------------------------------

[2012-12-12 02:13:15 #1 store] 
Database 'C:\Users\Mike\Documents\GitHub\CollaborationJava7\CollaborationJava7Server\db\ProjectDB.odb' is opened by 4264@Vokes-HP

[2012-12-12 02:13:15 #2 type] 
Type collaborationjava7.common.User is not enhanced.

[2012-12-12 02:13:15 #3 type] 
Type collaborationjava7.common.Task is not enhanced.

[2012-12-12 02:13:15 #4 type] 
Type collaborationjava7.common.Team is not enhanced.

[2012-12-12 02:13:15 #5 type] 
Type collaborationjava7.common.Status is not enhanced.

[2012-12-12 02:13:15 #6 type] 
Type collaborationjava7.common.UserStory is not enhanced.

[2012-12-12 02:13:15 #7 type] 
Type collaborationjava7.common.Project is not enhanced.

[2012-12-12 02:13:15 #8 type] 
Type collaborationjava7.common.Milestone is not enhanced.

[2012-12-12 02:13:15 #9 type] 
Type collaborationjava7.common.Schedule is not enhanced.

[2012-12-12 02:13:15 #10 type] 
Type collaborationjava7server.Password is not enhanced.

------------------------------------------------------------------------------------------------------------------------

[2012-12-12 02:27:34 #1 store] 
Database 'C:\Users\Mike\Documents\GitHub\CollaborationJava7\CollaborationJava7Server\db\ProjectDB.odb' is opened by 5960@Vokes-HP

[2012-12-12 02:27:34 #2 type] 
Type collaborationjava7.common.User is not enhanced.

[2012-12-12 02:27:34 #3 type] 
Type collaborationjava7.common.Task is not enhanced.

[2012-12-12 02:27:34 #4 type] 
Type collaborationjava7.common.Team is not enhanced.

[2012-12-12 02:27:34 #5 type] 
Type collaborationjava7.common.Status is not enhanced.

[2012-12-12 02:27:34 #6 type] 
Type collaborationjava7.common.UserStory is not enhanced.

[2012-12-12 02:27:34 #7 type] 
Type collaborationjava7.common.Project is not enhanced.

[2012-12-12 02:27:34 #8 type] 
Type collaborationjava7.common.Milestone is not enhanced.

[2012-12-12 02:27:34 #9 type] 
Type collaborationjava7.common.Schedule is not enhanced.

[2012-12-12 02:27:34 #10 type] 
Type collaborationjava7server.Password is not enhanced.

------------------------------------------------------------------------------------------------------------------------

[2012-12-12 02:33:33 #1 store] 
Database 'C:\Users\Mike\Documents\GitHub\CollaborationJava7\CollaborationJava7Server\db\ProjectDB.odb' is opened by 5944@Vokes-HP

[2012-12-12 02:33:33 #2 type] 
Type collaborationjava7.common.User is not enhanced.

[2012-12-12 02:33:33 #3 type] 
Type collaborationjava7.common.Task is not enhanced.

[2012-12-12 02:33:33 #4 type] 
Type collaborationjava7.common.Team is not enhanced.

[2012-12-12 02:33:33 #5 type] 
Type collaborationjava7.common.Status is not enhanced.

[2012-12-12 02:33:33 #6 type] 
Type collaborationjava7.common.UserStory is not enhanced.

[2012-12-12 02:33:33 #7 type] 
Type collaborationjava7.common.Project is not enhanced.

[2012-12-12 02:33:33 #8 type] 
Type collaborationjava7.common.Milestone is not enhanced.

[2012-12-12 02:33:33 #9 type] 
Type collaborationjava7.common.Schedule is not enhanced.

[2012-12-12 02:33:33 #10 type] 
Type collaborationjava7server.Password is not enhanced.

------------------------------------------------------------------------------------------------------------------------

[2012-12-12 20:34:36 #1 store] 
Database 'C:\Users\Mike\Documents\GitHub\CollaborationJava7\CollaborationJava7Server\db\ProjectDB.odb' is opened by 712@Vokes-HP

[2012-12-12 20:34:36 #2 type] 
Type collaborationjava7.common.User is not enhanced.

[2012-12-12 20:34:36 #3 type] 
Type collaborationjava7.common.Task is not enhanced.

[2012-12-12 20:34:36 #4 type] 
Type collaborationjava7.common.Team is not enhanced.

[2012-12-12 20:34:36 #5 type] 
Type collaborationjava7.common.Status is not enhanced.

[2012-12-12 20:34:36 #6 type] 
Type collaborationjava7.common.UserStory is not enhanced.

[2012-12-12 20:34:36 #7 type] 
Type collaborationjava7.common.Project is not enhanced.

[2012-12-12 20:34:36 #8 type] 
Type collaborationjava7.common.Milestone is not enhanced.

[2012-12-12 20:34:36 #9 type] 
Type collaborationjava7.common.Schedule is not enhanced.

[2012-12-12 20:34:36 #10 type] 
Type collaborationjava7server.Password is not enhanced.

------------------------------------------------------------------------------------------------------------------------

[2012-12-12 20:44:21 #1 store] 
Database 'C:\Users\Mike\Documents\GitHub\CollaborationJava7\CollaborationJava7Server\db\ProjectDB.odb' is opened by 4276@Vokes-HP

[2012-12-12 20:44:22 #2 type] 
Type collaborationjava7.common.User is not enhanced.

[2012-12-12 20:44:22 #3 type] 
Type collaborationjava7.common.Task is not enhanced.

[2012-12-12 20:44:22 #4 type] 
Type collaborationjava7.common.Team is not enhanced.

[2012-12-12 20:44:22 #5 type] 
Type collaborationjava7.common.Status is not enhanced.

[2012-12-12 20:44:22 #6 type] 
Type collaborationjava7.common.UserStory is not enhanced.

[2012-12-12 20:44:22 #7 type] 
Type collaborationjava7.common.Project is not enhanced.

[2012-12-12 20:44:22 #8 type] 
Type collaborationjava7.common.Milestone is not enhanced.

[2012-12-12 20:44:22 #9 type] 
Type collaborationjava7.common.Schedule is not enhanced.

[2012-12-12 20:44:22 #10 type] 
Type collaborationjava7server.Password is not enhanced.

------------------------------------------------------------------------------------------------------------------------

[2012-12-12 22:55:20 #1 store] 
Database 'C:\Users\Mike\Documents\GitHub\CollaborationJava7\CollaborationJava7Server\db\ProjectDB.odb' is opened by 3720@Vokes-HP

[2012-12-12 22:55:20 #2 type] 
Type collaborationjava7.common.User is not enhanced.

[2012-12-12 22:55:20 #3 type] 
Type collaborationjava7.common.Task is not enhanced.

[2012-12-12 22:55:20 #4 type] 
Type collaborationjava7.common.Team is not enhanced.

[2012-12-12 22:55:20 #5 type] 
Type collaborationjava7.common.Status is not enhanced.

[2012-12-12 22:55:20 #6 type] 
Type collaborationjava7.common.UserStory is not enhanced.

[2012-12-12 22:55:20 #7 type] 
Type collaborationjava7.common.Project is not enhanced.

[2012-12-12 22:55:20 #8 type] 
Type collaborationjava7.common.Milestone is not enhanced.

[2012-12-12 22:55:20 #9 type] 
Type collaborationjava7.common.Schedule is not enhanced.

[2012-12-12 22:55:20 #10 type] 
Type collaborationjava7server.Password is not enhanced.

------------------------------------------------------------------------------------------------------------------------

[2012-12-12 22:56:58 #1 store] 
Database 'C:\Users\Mike\Documents\GitHub\CollaborationJava7\CollaborationJava7Server\db\ProjectDB.odb' is opened by 4524@Vokes-HP

[2012-12-12 22:56:58 #2 type] 
Type collaborationjava7.common.User is not enhanced.

[2012-12-12 22:56:58 #3 type] 
Type collaborationjava7.common.Task is not enhanced.

[2012-12-12 22:56:58 #4 type] 
Type collaborationjava7.common.Team is not enhanced.

[2012-12-12 22:56:58 #5 type] 
Type collaborationjava7.common.Status is not enhanced.

[2012-12-12 22:56:58 #6 type] 
Type collaborationjava7.common.UserStory is not enhanced.

[2012-12-12 22:56:58 #7 type] 
Type collaborationjava7.common.Project is not enhanced.

[2012-12-12 22:56:58 #8 type] 
Type collaborationjava7.common.Milestone is not enhanced.

[2012-12-12 22:56:58 #9 type] 
Type collaborationjava7.common.Schedule is not enhanced.

[2012-12-12 22:56:58 #10 type] 
Type collaborationjava7server.Password is not enhanced.

