------------------------------------------------------------------------------------------------------------------------

[2012-11-15 02:15:34 #1 store] 
Database 'C:\Users\Mike\Documents\NetBeansProjects\CollaborationJava7\CollaborationJava7Server\db\ProjectDB.odb' is opened by 4344@Vokes-HP

[2012-11-15 02:15:34 #2 type] 
Type collaborationjava7.common.User is not enhanced.

[2012-11-15 02:15:34 #3 type] 
Type collaborationjava7.common.Task is not enhanced.

[2012-11-15 02:15:34 #4 type] 
Type collaborationjava7.common.Team is not enhanced.

[2012-11-15 02:15:34 #5 type] 
Type collaborationjava7.common.UserStory is not enhanced.

[2012-11-15 02:15:34 #6 type] 
Type collaborationjava7.common.Project is not enhanced.

[2012-11-15 02:15:34 #7 type] 
Type collaborationjava7.common.Schedule is not enhanced.

[2012-11-15 02:15:34 #8 type] 
Type collaborationjava7server.Password is not enhanced.

------------------------------------------------------------------------------------------------------------------------

[2012-11-15 15:33:29 #1 store] 
Database '/home/vokesm/CS467/CollaborationJava7/CollaborationJava7Server/db/ProjectDB.odb' has been recovered (tr. 21-21)

[2012-11-15 15:33:29 #2 store] 
Database '/home/vokesm/CS467/CollaborationJava7/CollaborationJava7Server/db/ProjectDB.odb' is opened by 12516@eos21.cis.gvsu.edu

[2012-11-15 15:33:29 #3 type] 
Type collaborationjava7.common.User is not enhanced.

[2012-11-15 15:33:29 #4 type] 
Type collaborationjava7.common.Task is not enhanced.

[2012-11-15 15:33:29 #5 type] 
Type collaborationjava7.common.Team is not enhanced.

[2012-11-15 15:33:29 #6 type] 
Type collaborationjava7.common.UserStory is not enhanced.

[2012-11-15 15:33:29 #7 type] 
Type collaborationjava7.common.Project is not enhanced.

[2012-11-15 15:33:29 #8 type] 
Type collaborationjava7.common.Schedule is not enhanced.

[2012-11-15 15:33:29 #9 type] 
Type collaborationjava7server.Password is not enhanced.

------------------------------------------------------------------------------------------------------------------------

[2012-11-15 16:02:40 #1 store] 
Database '/home/vokesm/CS467/CollaborationJava7/CollaborationJava7Server/db/ProjectDB.odb' is opened by 12767@eos21.cis.gvsu.edu

[2012-11-15 16:02:40 #2 type] 
Type collaborationjava7.common.User is not enhanced.

[2012-11-15 16:02:40 #3 type] 
Type collaborationjava7.common.Task is not enhanced.

[2012-11-15 16:02:40 #4 type] 
Type collaborationjava7.common.Team is not enhanced.

[2012-11-15 16:02:40 #5 type] 
Type collaborationjava7.common.UserStory is not enhanced.

[2012-11-15 16:02:40 #6 type] 
Type collaborationjava7.common.Project is not enhanced.

[2012-11-15 16:02:40 #7 type] 
Type collaborationjava7.common.Schedule is not enhanced.

[2012-11-15 16:02:40 #8 type] 
Type collaborationjava7server.Password is not enhanced.

------------------------------------------------------------------------------------------------------------------------

[2012-11-15 16:41:18 #1 store] 
Database '/home/vokesm/CS467/CollaborationJava7/CollaborationJava7Server/db/ProjectDB.odb' is opened by 13291@eos21.cis.gvsu.edu

[2012-11-15 16:41:18 #2 type] 
Type collaborationjava7.common.User is not enhanced.

[2012-11-15 16:41:18 #3 type] 
Type collaborationjava7.common.Task is not enhanced.

[2012-11-15 16:41:18 #4 type] 
Type collaborationjava7.common.Team is not enhanced.

[2012-11-15 16:41:18 #5 type] 
Type collaborationjava7.common.UserStory is not enhanced.

[2012-11-15 16:41:18 #6 type] 
Type collaborationjava7.common.Project is not enhanced.

[2012-11-15 16:41:18 #7 type] 
Type collaborationjava7.common.Schedule is not enhanced.

[2012-11-15 16:41:18 #8 type] 
Type collaborationjava7server.Password is not enhanced.

